<?xml version="1.0" encoding="UTF-8"?>
<!-- Generated by org.testng.reporters.JUnitXMLReporter -->
<testsuite hostname="W1650916" ignored="0" name="Test2" tests="4" failures="0" timestamp="16 Apr 2018 08:52:43 GMT" time="3.136" errors="0">
  <testcase name="f1" time="1.601" classname="Training.TestReport2"/>
  <testcase name="f2" time="1.122" classname="Training.TestReport2"/>
  <testcase name="f3" time="0.216" classname="Training.TestReport2"/>
  <testcase name="f4" time="0.144" classname="Training.TestReport2"/>
</testsuite> <!-- Test2 -->
