<?xml version="1.0" encoding="UTF-8"?>
<!-- Generated by org.testng.reporters.JUnitXMLReporter -->
<testsuite hostname="W1650916" ignored="0" name="Test" tests="4" failures="0" timestamp="16 Apr 2018 08:52:40 GMT" time="5.849" errors="0">
  <testcase name="f1" time="1.838" classname="Training.TestReport"/>
  <testcase name="f2" time="0.671" classname="Training.TestReport"/>
  <testcase name="f3" time="0.233" classname="Training.TestReport"/>
  <testcase name="f4" time="0.085" classname="Training.TestReport"/>
</testsuite> <!-- Test -->
